<?xml version="1.0" encoding="UTF-8"?>
<!-- Generated by org.testng.reporters.JUnitReportReporter -->
<testsuite hostname="LAPTOP-15KD9OUD" failures="0" tests="3" name="class_AugTwentytwo.Test1" time="0.029" errors="0" timestamp="2021-08-22T11:50:54 IST" skipped="0">
  <testcase classname="class_AugTwentytwo.Test1" name="settings" time="0.016"/>
  <system-out>
    <![CDATA[settings]]>
  </system-out>
  <testcase classname="class_AugTwentytwo.Test1" name="call" time="0.007"/>
  <system-out>
    <![CDATA[call]]>
  </system-out>
  <testcase classname="class_AugTwentytwo.Test1" name="chat" time="0.006"/>
  <system-out>
    <![CDATA[chat]]>
  </system-out>
</testsuite> <!-- class_AugTwentytwo.Test1 -->
