<?xml version="1.0" encoding="UTF-8"?>
<!-- Generated by org.testng.reporters.JUnitReportReporter -->
<testsuite hostname="LAPTOP-15KD9OUD" failures="0" tests="1" name="testNg.TestCase1" time="7.686" errors="0" timestamp="2021-08-22T19:07:16 IST" skipped="0">
  <testcase classname="testNg.TestCase1" name="login" time="7.686"/>
  <system-out>
    <![CDATA[https://en-gb.facebook.com/
Log in to Facebook]]>
  </system-out>
</testsuite> <!-- testNg.TestCase1 -->
