<?xml version="1.0" encoding="UTF-8"?>
<!-- Generated by org.testng.reporters.JUnitReportReporter -->
<testsuite hostname="LAPTOP-15KD9OUD" failures="0" tests="1" name="class_AugTwentytwo.Test0" time="0.016" errors="0" timestamp="2021-08-22T11:30:31 IST" skipped="0">
  <testcase classname="class_AugTwentytwo.Test0" name="test1" time="0.016"/>
  <system-out>
    <![CDATA[Helo selenium
java]]>
  </system-out>
</testsuite> <!-- class_AugTwentytwo.Test0 -->
