<?xml version="1.0" encoding="UTF-8"?>
<!-- Generated by org.testng.reporters.JUnitReportReporter -->
<testsuite hostname="LAPTOP-15KD9OUD" failures="0" tests="1" name="testNg.TestCase3" time="11.924" errors="0" timestamp="2021-08-22T19:07:16 IST" skipped="0">
  <testcase classname="testNg.TestCase3" name="createpage" time="11.924"/>
  <system-out>
    <![CDATA[https://en-gb.facebook.com/login/?next=https%3A%2F%2Fen-gb.facebook.com%2Fpages%2Fcreate%2F%3Fref_type%3Dregistration_form
Log in to Facebook]]>
  </system-out>
</testsuite> <!-- testNg.TestCase3 -->
