<?xml version="1.0" encoding="UTF-8"?>
<!-- Generated by org.testng.reporters.JUnitReportReporter -->
<testsuite hostname="LAPTOP-15KD9OUD" failures="0" tests="2" name="class_AugTwentytwo.skip" time="0.015" errors="0" timestamp="2021-09-18T20:56:33 IST" skipped="1">
  <testcase classname="class_AugTwentytwo.skip" name="chat" time="0.015"/>
  <system-out>
    <![CDATA[chat]]>
  </system-out>
  <testcase classname="class_AugTwentytwo.skip" name="walk">
    <skipped/>
  </testcase> <!-- walk -->
  <system-out/>
</testsuite> <!-- class_AugTwentytwo.skip -->
