<?xml version="1.0" encoding="UTF-8"?>
<!-- Generated by org.testng.reporters.JUnitReportReporter -->
<testsuite hostname="LAPTOP-15KD9OUD" failures="0" tests="1" name="testNg.TestCase2" time="7.512" errors="0" timestamp="2021-08-22T19:07:16 IST" skipped="0">
  <testcase classname="testNg.TestCase2" name="forgot" time="7.512"/>
  <system-out>
    <![CDATA[https://en-gb.facebook.com/login/identify/?ctx=recover&ars=facebook_login&from_login_screen=0
Forgotten Password | Can't Log In | Facebook]]>
  </system-out>
</testsuite> <!-- testNg.TestCase2 -->
